<?xml version="1.0" encoding="UTF-8"?>
<!-- Generated by org.testng.reporters.JUnitXMLReporter -->
<testsuite ignored="0" hostname="HJNZL001463" failures="0" tests="10" name="Functional" time="0.362" errors="0" timestamp="2021-10-08T15:15:14 IST">
  <testcase classname="UI.VerifyTitleTestAndText_UsingSoftAssert" name="@BeforeSuite setup" time="5.817">
    <failure type="org.openqa.selenium.WebDriverException" message="unknown error: cannot determine loading status
from disconnected: received Inspector.detached event
  (Session info: chrome=94.0.4606.71)
Build info: version: &amp;apos;4.0.0-rc-2&amp;apos;, revision: &amp;apos;8d1e4aa5ae&amp;apos;
System info: host: &amp;apos;HJNZL001463&amp;apos;, ip: &amp;apos;192.168.43.174&amp;apos;, os.name: &amp;apos;Windows 10&amp;apos;, os.arch: &amp;apos;amd64&amp;apos;, os.version: &amp;apos;10.0&amp;apos;, java.version: &amp;apos;16.0.2&amp;apos;
Driver info: org.openqa.selenium.chrome.ChromeDriver
Command: [4c43c4a8e785f8a69b7105adfd7ab11d, get {url=https://www.ebay.com/}]
Capabilities {acceptInsecureCerts: false, browserName: chrome, browserVersion: 94.0.4606.71, chrome: {chromedriverVersion: 93.0.4577.63 (ff5c0da2ec0ad..., userDataDir: C:\Users\OMKAR_~1\AppData\L...}, goog:chromeOptions: {debuggerAddress: localhost:60039}, javascriptEnabled: true, networkConnectionEnabled: false, pageLoadStrategy: normal, platform: WINDOWS, platformName: WINDOWS, proxy: Proxy(), se:cdp: ws://localhost:60039/devtoo..., se:cdpVersion: 94.0.4606.71, setWindowRect: true, strictFileInteractability: false, timeouts: {implicit: 0, pageLoad: 300000, script: 30000}, unhandledPromptBehavior: dismiss and notify, webauthn:extension:credBlob: true, webauthn:extension:largeBlob: true, webauthn:virtualAuthenticators: true}
Session ID: 4c43c4a8e785f8a69b7105adfd7ab11d">
      <![CDATA[org.openqa.selenium.WebDriverException: unknown error: cannot determine loading status
from disconnected: received Inspector.detached event
  (Session info: chrome=94.0.4606.71)
Build info: version: '4.0.0-rc-2', revision: '8d1e4aa5ae'
System info: host: 'HJNZL001463', ip: '192.168.43.174', os.name: 'Windows 10', os.arch: 'amd64', os.version: '10.0', java.version: '16.0.2'
Driver info: org.openqa.selenium.chrome.ChromeDriver
Command: [4c43c4a8e785f8a69b7105adfd7ab11d, get {url=https://www.ebay.com/}]
Capabilities {acceptInsecureCerts: false, browserName: chrome, browserVersion: 94.0.4606.71, chrome: {chromedriverVersion: 93.0.4577.63 (ff5c0da2ec0ad..., userDataDir: C:\Users\OMKAR_~1\AppData\L...}, goog:chromeOptions: {debuggerAddress: localhost:60039}, javascriptEnabled: true, networkConnectionEnabled: false, pageLoadStrategy: normal, platform: WINDOWS, platformName: WINDOWS, proxy: Proxy(), se:cdp: ws://localhost:60039/devtoo..., se:cdpVersion: 94.0.4606.71, setWindowRect: true, strictFileInteractability: false, timeouts: {implicit: 0, pageLoad: 300000, script: 30000}, unhandledPromptBehavior: dismiss and notify, webauthn:extension:credBlob: true, webauthn:extension:largeBlob: true, webauthn:virtualAuthenticators: true}
Session ID: 4c43c4a8e785f8a69b7105adfd7ab11d
at org.openqa.selenium.remote.codec.w3c.W3CHttpResponseCodec.createException(W3CHttpResponseCodec.java:200)
at org.openqa.selenium.remote.codec.w3c.W3CHttpResponseCodec.decode(W3CHttpResponseCodec.java:133)
at org.openqa.selenium.remote.codec.w3c.W3CHttpResponseCodec.decode(W3CHttpResponseCodec.java:53)
at org.openqa.selenium.remote.HttpCommandExecutor.execute(HttpCommandExecutor.java:184)
at org.openqa.selenium.remote.service.DriverCommandExecutor.invokeExecute(DriverCommandExecutor.java:164)
at org.openqa.selenium.remote.service.DriverCommandExecutor.execute(DriverCommandExecutor.java:139)
at org.openqa.selenium.remote.RemoteWebDriver.execute(RemoteWebDriver.java:559)
at org.openqa.selenium.remote.RemoteWebDriver.get(RemoteWebDriver.java:328)
at UI.VerifyTitleTestAndText_UsingSoftAssert.setup(VerifyTitleTestAndText_UsingSoftAssert.java:22)
... Removed 25 stack frames]]>
    </failure>
  </testcase> <!-- @BeforeSuite setup -->
  <testcase classname="UI.GrouPTestCase" name="@BeforeTest BeforeTest" time="-1.633686314371E9">
    <skipped/>
  </testcase> <!-- @BeforeTest BeforeTest -->
  <testcase classname="UI.LoginTest" name="@BeforeTest setup" time="-1.633686314388E9">
    <skipped/>
  </testcase> <!-- @BeforeTest setup -->
  <testcase classname="UI.TestAnnotation" name="@BeforeTest test1" time="-1.633686314392E9">
    <skipped/>
  </testcase> <!-- @BeforeTest test1 -->
  <testcase classname="UI.GrouPTestCase" name="@BeforeClass beforeClass" time="-1.633686314522E9">
    <skipped/>
  </testcase> <!-- @BeforeClass beforeClass -->
  <testcase classname="UI.LoginTest" name="@BeforeClass setup1" time="-1.63368631458E9">
    <skipped/>
  </testcase> <!-- @BeforeClass setup1 -->
  <testcase classname="UI.LoginTest" name="@AfterClass setup2" time="-1.633686314598E9">
    <skipped/>
  </testcase> <!-- @AfterClass setup2 -->
  <testcase classname="UI.TestAnnotation" name="@BeforeMethod test2" time="-1.63368631468E9">
    <skipped/>
  </testcase> <!-- @BeforeMethod test2 -->
  <testcase classname="UI.TestAnnotation" name="@AfterMethod test5" time="-1.633686314691E9">
    <skipped/>
  </testcase> <!-- @AfterMethod test5 -->
  <testcase classname="UI.TestAnnotation" name="@BeforeMethod test2" time="-1.633686314696E9">
    <skipped/>
  </testcase> <!-- @BeforeMethod test2 -->
  <testcase classname="UI.TestAnnotation" name="@AfterMethod test5" time="-1.633686314705E9">
    <skipped/>
  </testcase> <!-- @AfterMethod test5 -->
  <testcase classname="UI.LoginTest" name="@AfterTest setupclose" time="-1.633686314711E9">
    <skipped/>
  </testcase> <!-- @AfterTest setupclose -->
  <testcase classname="UI.TestAnnotation" name="@AfterTest test6" time="-1.633686314712E9">
    <skipped/>
  </testcase> <!-- @AfterTest test6 -->
  <testcase classname="UI.VerifyTitleTest" name="titleTest" time="0.0">
    <skipped/>
  </testcase> <!-- titleTest -->
  <testcase classname="UI.GrouPTestCase" name="Test3" time="0.0">
    <skipped/>
  </testcase> <!-- Test3 -->
  <testcase classname="UI.GrouPTestCase" name="Test4" time="0.0">
    <skipped/>
  </testcase> <!-- Test4 -->
  <testcase classname="UI.GrouPTestCase" name="Test2" time="0.0">
    <skipped/>
  </testcase> <!-- Test2 -->
  <testcase classname="UI.GrouPTestCase" name="Test1" time="0.0">
    <skipped/>
  </testcase> <!-- Test1 -->
  <testcase classname="UI.LoginTest" name="bloginTest" time="0.0">
    <skipped/>
  </testcase> <!-- bloginTest -->
  <testcase classname="UI.LoginTest" name="alogoutTest" time="0.0">
    <skipped/>
  </testcase> <!-- alogoutTest -->
  <testcase classname="UI.TestAnnotation" name="test3" time="0.0">
    <skipped/>
  </testcase> <!-- test3 -->
  <testcase classname="UI.TestAnnotation" name="test4" time="0.0">
    <skipped/>
  </testcase> <!-- test4 -->
  <testcase classname="UI.VerifyTitleTestAndText_UsingSoftAssert" name="titleTest" time="0.0">
    <skipped/>
  </testcase> <!-- titleTest -->
</testsuite> <!-- Functional -->
